  0%|          | 0/200 [00:00<?, ?it/s]  0%|          | 0/200 [00:00<?, ?it/s]
Traceback (most recent call last):
  File "/oscar/home/tserapio/lop-jax/incremental_cifar_edited/train_incremental_cifar_v2.py", line 454, in <module>
    out = train_jit(*swept_args)
          ^^^^^^^^^^^^^^^^^^^^^^
  File "/oscar/home/tserapio/lop-jax/incremental_cifar_edited/train_incremental_cifar_v2.py", line 366, in train
    runner_state, res_info = update_task(runner_state, task)
                             ^^^^^^^^^^^^^^^^^^^^^^^^^^^^^^^
  File "/oscar/home/tserapio/lop-jax/incremental_cifar_edited/train_incremental_cifar_v2.py", line 264, in update_task
    x = jnp.transpose(jnp.array(all_x_train[jnp.isin(all_y_train, active_classes)]), (0, 2, 3, 1))
                                ~~~~~~~~~~~^^^^^^^^^^^^^^^^^^^^^^^^^^^^^^^^^^^^^^^
  File "/oscar/home/tserapio/jax_cl/.venv/lib/python3.11/site-packages/jax/_src/numpy/array_methods.py", line 1061, in op
    return getattr(self.aval, f"_{name}")(self, *args)
           ^^^^^^^^^^^^^^^^^^^^^^^^^^^^^^^^^^^^^^^^^^^
  File "/oscar/home/tserapio/jax_cl/.venv/lib/python3.11/site-packages/jax/_src/numpy/array_methods.py", line 651, in _getitem
    return lax_numpy._rewriting_take(self, item)
           ^^^^^^^^^^^^^^^^^^^^^^^^^^^^^^^^^^^^^
  File "/oscar/home/tserapio/jax_cl/.venv/lib/python3.11/site-packages/jax/_src/numpy/lax_numpy.py", line 11965, in _rewriting_take
    treedef, static_idx, dynamic_idx = _split_index_for_jit(idx, arr.shape)
                                       ^^^^^^^^^^^^^^^^^^^^^^^^^^^^^^^^^^^^
  File "/oscar/home/tserapio/jax_cl/.venv/lib/python3.11/site-packages/jax/_src/numpy/lax_numpy.py", line 12050, in _split_index_for_jit
    idx = _expand_bool_indices(idx, shape)
          ^^^^^^^^^^^^^^^^^^^^^^^^^^^^^^^^
  File "/oscar/home/tserapio/jax_cl/.venv/lib/python3.11/site-packages/jax/_src/numpy/lax_numpy.py", line 12351, in _expand_bool_indices
    raise errors.NonConcreteBooleanIndexError(abstract_i)
jax.errors.NonConcreteBooleanIndexError: Array boolean indices must be concrete; got ShapedArray(bool[50000])

See https://jax.readthedocs.io/en/latest/errors.html#jax.errors.NonConcreteBooleanIndexError
--------------------
For simplicity, JAX has removed its internal frames from the traceback of the following exception. Set JAX_TRACEBACK_FILTERING=off to include these.
