## SLURM PROLOG ###############################################################
##    Job ID : 12063453
##  Job Name : run_incremental_cifar_bdl_l2
##  Nodelist : gpu2105
##      CPUs : 
##  Mem/Node : 65536 MB
## Directory : /oscar/home/tserapio/lop-jax/impl_nnx
##   Job Started : Wed Jul 16 05:21:41 PM EDT 2025
###############################################################################
Config file successfully stored!
JAX is using GPU: cuda:0
   Available GPU devices: 1
   GPU 0: cuda:0
Saved Training Hessian spectrum to hessian/cifar_jax_july16/hessian_task_0_init_train.png
Saved Test Hessian spectrum to hessian/cifar_jax_july16/hessian_task_0_init_test.png
[Hessian-start] Task 0 — top-eigenvalue(train) ≈ -0.00761, top-eigenvalue(eval) ≈ -0.0771
	Epoch number: 1
	Current stepsize: 0.10000
		Step Number: 25
		Online accuracy: 0.28
		test accuracy: 0.1960
		test effective rank: 5089.9644
		test approx rank: 35032.4805
		test approx rank abs: 35395.7461
		test dead neurons: 81.8000
		validation accuracy: 0.1800
		validation effective rank: 2341.5513
		validation approx rank: 17412.2227
		validation approx rank abs: 17664.7891
		validation dead neurons: 113.2000
		Epoch run time in seconds: 14.8683
	Epoch number: 2
		Step Number: 25
		Online accuracy: 0.36
		test accuracy: 0.3960
		test effective rank: 4893.1172
		test approx rank: 35245.6094
		test approx rank abs: 35509.2109
		test dead neurons: 117.1111
