## SLURM PROLOG ###############################################################
##    Job ID : 12062450
##  Job Name : run_incremental_cifar_bdl_l2
##  Nodelist : gpu2102
##      CPUs : 
##  Mem/Node : 65536 MB
## Directory : /oscar/home/tserapio/lop-jax/impl_nnx
##   Job Started : Wed Jul 16 04:46:41 PM EDT 2025
###############################################################################
Config file successfully stored!
JAX is using GPU: cuda:0
   Available GPU devices: 1
   GPU 0: cuda:0
Saved Training Hessian spectrum to hessian/cifar_jax_july16/hessian_task_0_init_train.png
Saved Test Hessian spectrum to hessian/cifar_jax_july16/hessian_task_0_init_test.png
[Hessian-start] Task 0 — top-eigenvalue(train) ≈ -0.00709, top-eigenvalue(eval) ≈ -0.0736
	Epoch number: 1
	Current stepsize: 0.10000
		Step Number: 25
		Online accuracy: 0.29
		test accuracy: 0.2200
		test effective rank: 6853.2993
		test approx rank: 35067.1680
		test approx rank abs: 35438.5664
		test dead neurons: 83.1000
		validation accuracy: 0.2200
		validation effective rank: 3159.0564
		validation approx rank: 17524.7793
		validation approx rank abs: 17734.2793
		validation dead neurons: 104.3222
		Epoch run time in seconds: 15.3724
	Epoch number: 2
		Step Number: 25
		Online accuracy: 0.31
		test accuracy: 0.3160
		test effective rank: 5115.2231
		test approx rank: 35281.3438
		test approx rank abs: 35527.9453
		test dead neurons: 99.5444
		validation accuracy: 0.2920
		validation effective rank: 2348.5688
		validation approx rank: 17287.8574
		validation approx rank abs: 17653.8984
		validation dead neurons: 119.0333
		Epoch run time in seconds: 1.5526
	Epoch number: 3
		Step Number: 25
		Online accuracy: 0.40
		test accuracy: 0.3820
		test effective rank: 7024.0962
		test approx rank: 35456.7930
		test approx rank abs: 35587.1250
		test dead neurons: 629.6556
		validation accuracy: 0.3440
		validation effective rank: 3273.4587
		validation approx rank: 17570.9219
		validation approx rank abs: 17745.1562
		validation dead neurons: 780.8778
		Epoch run time in seconds: 1.5933
	Epoch number: 4
		Step Number: 25
		Online accuracy: 0.43
		test accuracy: 0.4400
		test effective rank: 6654.1016
		test approx rank: 34981.8711
		test approx rank abs: 35413.7461
		test dead neurons: 210.6111
		validation accuracy: 0.4160
		validation effective rank: 3077.4170
		validation approx rank: 17413.3672
		validation approx rank abs: 17718.0664
		validation dead neurons: 300.4889
		Epoch run time in seconds: 1.5942
	Epoch number: 5
		Step Number: 25
		Online accuracy: 0.46
		test accuracy: 0.4760
		test effective rank: 7213.0015
		test approx rank: 35314.5039
		test approx rank abs: 35537.2344
		test dead neurons: 303.8333
		validation accuracy: 0.4560
		validation effective rank: 3325.4629
		validation approx rank: 17530.8008
		validation approx rank abs: 17717.9121
		validation dead neurons: 401.2667
		Epoch run time in seconds: 1.6559
	Epoch number: 6
		Step Number: 25
		Online accuracy: 0.47
		test accuracy: 0.4420
		test effective rank: 7555.7593
		test approx rank: 35366.2773
		test approx rank abs: 35509.5586
		test dead neurons: 401.9778
		validation accuracy: 0.4440
		validation effective rank: 3536.4414
		validation approx rank: 17476.9238
		validation approx rank abs: 17708.2344
		validation dead neurons: 576.2889
		Epoch run time in seconds: 1.6155
	Epoch number: 7
		Step Number: 25
		Online accuracy: 0.47
		test accuracy: 0.4080
		test effective rank: 7634.0742
		test approx rank: 35351.7031
		test approx rank abs: 35551.5391
		test dead neurons: 380.5778
		validation accuracy: 0.3760
		validation effective rank: 3524.5149
		validation approx rank: 17628.3105
		validation approx rank abs: 17773.3574
		validation dead neurons: 494.9111
		Epoch run time in seconds: 1.8516
	Epoch number: 8
		Step Number: 25
		Online accuracy: 0.51
		test accuracy: 0.4020
		test effective rank: 8382.4395
		test approx rank: 35083.1680
		test approx rank abs: 35463.9336
		test dead neurons: 536.5555
		validation accuracy: 0.3760
		validation effective rank: 3910.7175
		validation approx rank: 17631.0996
		validation approx rank abs: 17778.5098
		validation dead neurons: 876.2778
		Epoch run time in seconds: 1.6099
	Epoch number: 9
		Step Number: 25
		Online accuracy: 0.52
		test accuracy: 0.4920
		test effective rank: 7539.1909
		test approx rank: 35345.3359
		test approx rank abs: 35542.6445
		test dead neurons: 188.8111
		validation accuracy: 0.4600
		validation effective rank: 3511.4919
		validation approx rank: 17455.8672
		validation approx rank abs: 17735.4902
		validation dead neurons: 257.6556
		Epoch run time in seconds: 1.9311
	Epoch number: 10
		Step Number: 25
		Online accuracy: 0.56
		test accuracy: 0.5500
		test effective rank: 8627.3848
		test approx rank: 35277.6992
		test approx rank abs: 35491.2266
		test dead neurons: 539.6667
		validation accuracy: 0.5720
		validation effective rank: 4014.2781
		validation approx rank: 17678.4453
		validation approx rank abs: 17767.4434
		validation dead neurons: 670.7111
		Epoch run time in seconds: 1.6156
	Epoch number: 11
		Step Number: 25
		Online accuracy: 0.58
		test accuracy: 0.5220
		test effective rank: 8336.3193
		test approx rank: 35325.7109
		test approx rank abs: 35532.8008
		test dead neurons: 327.8333
		validation accuracy: 0.5400
		validation effective rank: 3907.6379
		validation approx rank: 17584.4902
		validation approx rank abs: 17753.3105
		validation dead neurons: 510.0667
		Epoch run time in seconds: 1.6409
	Epoch number: 12
		Step Number: 25
		Online accuracy: 0.59
		test accuracy: 0.5360
		test effective rank: 8814.1641
		test approx rank: 35261.6758
		test approx rank abs: 35505.1445
		test dead neurons: 295.8111
		validation accuracy: 0.5960
		validation effective rank: 4102.6284
		validation approx rank: 17583.7012
		validation approx rank abs: 17735.9434
		validation dead neurons: 445.4444
		Epoch run time in seconds: 1.6451
	Epoch number: 13
		Step Number: 25
		Online accuracy: 0.61
		test accuracy: 0.6140
		test effective rank: 9012.8467
		test approx rank: 35340.9883
		test approx rank abs: 35526.5430
		test dead neurons: 271.7000
		validation accuracy: 0.6160
		validation effective rank: 4204.1504
		validation approx rank: 17622.3789
		validation approx rank abs: 17766.9570
		validation dead neurons: 423.9000
		Epoch run time in seconds: 1.6050
	Epoch number: 14
		Step Number: 25
		Online accuracy: 0.64
		test accuracy: 0.6120
		test effective rank: 8977.7607
		test approx rank: 35211.0664
		test approx rank abs: 35481.1094
		test dead neurons: 260.6778
