## SLURM PROLOG ###############################################################
##    Job ID : 11827258
##  Job Name : slurm.sh
##  Nodelist : gpu2006
##      CPUs : 1
##  Mem/Node : 65536 MB
## Directory : /oscar/home/nhe6/Documents/rl-opt
##   Job Started : Tue Jun 24 02:05:17 PM EDT 2025
###############################################################################
pyenv-virtualenv: virtualenv `/users/nhe6/.pyenv/versions/3.11.0/envs/jaxopt' is already activated
[0.01] [0.01] [[3787151155 2031385778]]
wandb: Using wandb-core as the SDK backend.  Please refer to https://wandb.me/wandb-core for more information.
wandb: Currently logged in as: arniehe2004 (rl-power). Use `wandb login --relogin` to force relogin
wandb: Tracking run with wandb version 0.19.1
wandb: Run data is saved locally in /oscar/home/nhe6/Documents/rl-opt/wandb/run-20250624_140528-nslv2fop
wandb: Run `wandb offline` to turn off syncing.
wandb: Syncing run cbp_relu_[0.01]_[0.01]_100_1_1000_3_800_1_100_1
wandb: ⭐️ View project at https://wandb.ai/rl-power/permuted_mnist
wandb: 🚀 View run at https://wandb.ai/rl-power/permuted_mnist/runs/nslv2fop
Task 0: Train Accuracy 0.79666668176651, Eval Accuracy = 0.3880000114440918, acc on previous train set = 0.09850000590085983, L1 norm change = 672923.25, L2 norm change = 504.9416809082031, Linf norm change = 3.446035861968994
Rank: [1000 1000  981], EffRank: [312.93024 334.2369   42.51684], ApproxRank: [248 242  28], DeadNeurons: [ 12   4 739]
Task 1: Train Accuracy 0.10721667110919952, Eval Accuracy = 0.09100000560283661, acc on previous train set = 0.15700000524520874, L1 norm change = 671874.375, L2 norm change = 511.04681396484375, Linf norm change = 25.14577293395996
Rank: [1000 1000    7], EffRank: [419.9847    124.90051     3.8604631], ApproxRank: [351  27   4], DeadNeurons: [  2  83 996]
Task 2: Train Accuracy 0.09946666657924652, Eval Accuracy = 0.10100000351667404, acc on previous train set = 0.1080000028014183, L1 norm change = nan, L2 norm change = nan, Linf norm change = nan
Rank: [1000 1000 1000], EffRank: [1. 1. 1.], ApproxRank: [1 1 1], DeadNeurons: [309   0   0]
Task 3: Train Accuracy 0.09943333268165588, Eval Accuracy = 0.10050000250339508, acc on previous train set = 0.1080000028014183, L1 norm change = nan, L2 norm change = nan, Linf norm change = nan
Rank: [1000 1000 1000], EffRank: [1. 1. 1.], ApproxRank: [1 1 1], DeadNeurons: [273   0   0]
Task 4: Train Accuracy 0.09795000404119492, Eval Accuracy = 0.09800000488758087, acc on previous train set = 0.1080000028014183, L1 norm change = nan, L2 norm change = nan, Linf norm change = nan
Rank: [1000 1000 1000], EffRank: [1. 1. 1.], ApproxRank: [1 1 1], DeadNeurons: [261   0   0]
Task 5: Train Accuracy 0.09943333268165588, Eval Accuracy = 0.09650000184774399, acc on previous train set = 0.1080000028014183, L1 norm change = nan, L2 norm change = nan, Linf norm change = nan
Rank: [1000 1000 1000], EffRank: [1. 1. 1.], ApproxRank: [1 1 1], DeadNeurons: [254   0   0]
Task 6: Train Accuracy 0.096950002014637, Eval Accuracy = 0.10350000858306885, acc on previous train set = 0.1080000028014183, L1 norm change = nan, L2 norm change = nan, Linf norm change = nan
Rank: [1000 1000 1000], EffRank: [1. 1. 1.], ApproxRank: [1 1 1], DeadNeurons: [245   0   0]
Task 7: Train Accuracy 0.09851666539907455, Eval Accuracy = 0.10450000315904617, acc on previous train set = 0.1080000028014183, L1 norm change = nan, L2 norm change = nan, Linf norm change = nan
Rank: [1000 1000 1000], EffRank: [1. 1. 1.], ApproxRank: [1 1 1], DeadNeurons: [242   0   0]
Task 8: Train Accuracy 0.09898333251476288, Eval Accuracy = 0.09550000727176666, acc on previous train set = 0.1080000028014183, L1 norm change = nan, L2 norm change = nan, Linf norm change = nan
Rank: [1000 1000 1000], EffRank: [1. 1. 1.], ApproxRank: [1 1 1], DeadNeurons: [230   0   0]
Task 9: Train Accuracy 0.09808333218097687, Eval Accuracy = 0.0885000005364418, acc on previous train set = 0.1080000028014183, L1 norm change = nan, L2 norm change = nan, Linf norm change = nan
Rank: [1000 1000 1000], EffRank: [1. 1. 1.], ApproxRank: [1 1 1], DeadNeurons: [227   0   0]
Task 10: Train Accuracy 0.09733333438634872, Eval Accuracy = 0.10000000149011612, acc on previous train set = 0.1080000028014183, L1 norm change = nan, L2 norm change = nan, Linf norm change = nan
Rank: [1000 1000 1000], EffRank: [1. 1. 1.], ApproxRank: [1 1 1], DeadNeurons: [227   0   0]
Task 11: Train Accuracy 0.09723333269357681, Eval Accuracy = 0.09850000590085983, acc on previous train set = 0.1080000028014183, L1 norm change = nan, L2 norm change = nan, Linf norm change = nan
Rank: [1000 1000 1000], EffRank: [1. 1. 1.], ApproxRank: [1 1 1], DeadNeurons: [225   0   0]
Task 12: Train Accuracy 0.09836667031049728, Eval Accuracy = 0.09950000792741776, acc on previous train set = 0.1080000028014183, L1 norm change = nan, L2 norm change = nan, Linf norm change = nan
Rank: [1000 1000 1000], EffRank: [1. 1. 1.], ApproxRank: [1 1 1], DeadNeurons: [225   0   0]
slurmstepd: error: *** JOB 11827258 ON gpu2006 CANCELLED AT 2025-06-24T14:08:43 ***
