## SLURM PROLOG ###############################################################
##    Job ID : 11827681
##  Job Name : slurm.sh
##  Nodelist : gpu2002
##      CPUs : 1
##  Mem/Node : 65536 MB
## Directory : /oscar/home/nhe6/Documents/rl-opt
##   Job Started : Tue Jun 24 02:09:31 PM EDT 2025
###############################################################################
pyenv-virtualenv: virtualenv `/users/nhe6/.pyenv/versions/3.11.0/envs/jaxopt' is already activated
[0.01] [0.01] [[3787151155 2031385778]]
wandb: Using wandb-core as the SDK backend.  Please refer to https://wandb.me/wandb-core for more information.
wandb: Currently logged in as: arniehe2004 (rl-power). Use `wandb login --relogin` to force relogin
wandb: Tracking run with wandb version 0.19.1
wandb: Run data is saved locally in /oscar/home/nhe6/Documents/rl-opt/wandb/run-20250624_140941-qqm4cofb
wandb: Run `wandb offline` to turn off syncing.
wandb: Syncing run cbp_relu_[0.01]_[0.01]_100_1_1000_3_800_1_100_1
wandb: ⭐️ View project at https://wandb.ai/rl-power/permuted_mnist
wandb: 🚀 View run at https://wandb.ai/rl-power/permuted_mnist/runs/qqm4cofb
Task 0: Train Accuracy 0.9432833194732666, Eval Accuracy = 0.9720000624656677, acc on previous train set = 0.11650000512599945, L1 norm change = 17761.869140625, L2 norm change = 18.1811466217041, Linf norm change = 0.4502130448818207
Rank: [1000 1000 1000], EffRank: [486.3747  453.36923 383.33444], ApproxRank: [512 478 372], DeadNeurons: [1 1 1]
Task 1: Train Accuracy 0.9443833231925964, Eval Accuracy = 0.9705000519752502, acc on previous train set = 0.9320000410079956, L1 norm change = 15497.75, L2 norm change = 17.47501564025879, Linf norm change = 0.3482609689235687
Rank: [1000 1000 1000], EffRank: [433.45413 421.17398 360.60873], ApproxRank: [443 429 335], DeadNeurons: [3 1 1]
Task 2: Train Accuracy 0.9452666640281677, Eval Accuracy = 0.9670000672340393, acc on previous train set = 0.9475000500679016, L1 norm change = 13771.798828125, L2 norm change = 16.981201171875, Linf norm change = 0.2573114335536957
Rank: [1000 1000 1000], EffRank: [404.3405  397.9522  337.54416], ApproxRank: [409 396 298], DeadNeurons: [10  4  1]
Task 3: Train Accuracy 0.9449999928474426, Eval Accuracy = 0.971000075340271, acc on previous train set = 0.9700000286102295, L1 norm change = 13241.658203125, L2 norm change = 17.222766876220703, Linf norm change = 0.2784237563610077
Rank: [1000 1000 1000], EffRank: [365.732   387.96442 326.92386], ApproxRank: [360 377 284], DeadNeurons: [14  2  1]
Task 4: Train Accuracy 0.9452500343322754, Eval Accuracy = 0.9760000705718994, acc on previous train set = 0.9550000429153442, L1 norm change = 12634.86328125, L2 norm change = 17.163850784301758, Linf norm change = 0.2926175892353058
Rank: [1000 1000 1000], EffRank: [356.5671 388.5311 332.2635], ApproxRank: [349 376 292], DeadNeurons: [26  1  1]
Task 5: Train Accuracy 0.944599986076355, Eval Accuracy = 0.9630000591278076, acc on previous train set = 0.9565000534057617, L1 norm change = 11726.1181640625, L2 norm change = 17.125072479248047, Linf norm change = 0.3255843222141266
Rank: [1000 1000 1000], EffRank: [301.56363 361.21524 304.4359 ], ApproxRank: [283 336 250], DeadNeurons: [54  3  3]
Task 6: Train Accuracy 0.9413000345230103, Eval Accuracy = 0.9630000591278076, acc on previous train set = 0.9605000615119934, L1 norm change = 11218.0771484375, L2 norm change = 17.09286880493164, Linf norm change = 0.43758732080459595
Rank: [1000 1000 1000], EffRank: [293.2545  374.80823 316.6546 ], ApproxRank: [273 357 272], DeadNeurons: [56  2  4]
Task 7: Train Accuracy 0.9438333511352539, Eval Accuracy = 0.971000075340271, acc on previous train set = 0.9615000486373901, L1 norm change = 11114.162109375, L2 norm change = 16.95440101623535, Linf norm change = 0.305702269077301
Rank: [1000 1000 1000], EffRank: [280.5178 381.8702 319.2203], ApproxRank: [261 367 274], DeadNeurons: [82  3  4]
Task 8: Train Accuracy 0.9441666603088379, Eval Accuracy = 0.9705000519752502, acc on previous train set = 0.9530000686645508, L1 norm change = 10719.4873046875, L2 norm change = 16.956092834472656, Linf norm change = 0.35477855801582336
Rank: [1000 1000 1000], EffRank: [285.2307  351.68896 299.33643], ApproxRank: [261 324 246], DeadNeurons: [69  7  5]
Task 9: Train Accuracy 0.9407666921615601, Eval Accuracy = 0.9690000414848328, acc on previous train set = 0.968500018119812, L1 norm change = 10768.87109375, L2 norm change = 17.267831802368164, Linf norm change = 0.344748318195343
Rank: [1000 1000 1000], EffRank: [266.71652 370.00467 310.22876], ApproxRank: [248 354 265], DeadNeurons: [106   5   6]
Task 10: Train Accuracy 0.9419666528701782, Eval Accuracy = 0.9740000367164612, acc on previous train set = 0.9615000486373901, L1 norm change = 10088.3447265625, L2 norm change = 16.91971778869629, Linf norm change = 0.5369312763214111
Rank: [1000 1000 1000], EffRank: [243.08891 359.35706 301.16602], ApproxRank: [219 335 252], DeadNeurons: [110   3   7]
Task 11: Train Accuracy 0.9396666884422302, Eval Accuracy = 0.9610000252723694, acc on previous train set = 0.968000054359436, L1 norm change = 9905.900390625, L2 norm change = 16.984600067138672, Linf norm change = 0.39609473943710327
Rank: [1000 1000 1000], EffRank: [237.87346 351.8718  284.18674], ApproxRank: [214 322 232], DeadNeurons: [103   4  12]
Task 12: Train Accuracy 0.9413833618164062, Eval Accuracy = 0.968500018119812, acc on previous train set = 0.9630000591278076, L1 norm change = 9982.220703125, L2 norm change = 17.04056167602539, Linf norm change = 0.39645916223526
Rank: [1000 1000 1000], EffRank: [255.12395 368.4966  296.65707], ApproxRank: [228 346 247], DeadNeurons: [97  2  9]
Task 13: Train Accuracy 0.9393333196640015, Eval Accuracy = 0.9675000309944153, acc on previous train set = 0.9500000476837158, L1 norm change = 9396.57421875, L2 norm change = 16.963016510009766, Linf norm change = 0.3808196783065796
Rank: [1000 1000 1000], EffRank: [223.16202 345.42706 297.92343], ApproxRank: [191 317 252], DeadNeurons: [121   5  14]
Task 14: Train Accuracy 0.9400666952133179, Eval Accuracy = 0.9665000438690186, acc on previous train set = 0.9570000171661377, L1 norm change = 9277.958984375, L2 norm change = 16.744691848754883, Linf norm change = 0.39066559076309204
Rank: [ 999 1000 1000], EffRank: [224.42635 343.33875 292.69537], ApproxRank: [201 312 247], DeadNeurons: [145   4  19]
Task 15: Train Accuracy 0.9391166567802429, Eval Accuracy = 0.9645000696182251, acc on previous train set = 0.955500066280365, L1 norm change = 9527.9892578125, L2 norm change = 17.046001434326172, Linf norm change = 0.3786514103412628
Rank: [1000 1000 1000], EffRank: [233.80174 342.98038 298.2576 ], ApproxRank: [205 313 255], DeadNeurons: [127  10  17]
Task 16: Train Accuracy 0.9399499893188477, Eval Accuracy = 0.968500018119812, acc on previous train set = 0.9450000524520874, L1 norm change = 9357.3115234375, L2 norm change = 16.932884216308594, Linf norm change = 0.34771597385406494
Rank: [1000 1000 1000], EffRank: [218.26329 341.90527 291.53818], ApproxRank: [190 310 247], DeadNeurons: [154   8  13]
Task 17: Train Accuracy 0.9409999847412109, Eval Accuracy = 0.9640000462532043, acc on previous train set = 0.9650000333786011, L1 norm change = 9102.9541015625, L2 norm change = 16.800460815429688, Linf norm change = 0.4220634400844574
Rank: [1000 1000 1000], EffRank: [222.02142 346.92703 283.77182], ApproxRank: [192 315 236], DeadNeurons: [162  10  13]
Task 18: Train Accuracy 0.9397333264350891, Eval Accuracy = 0.968000054359436, acc on previous train set = 0.9635000228881836, L1 norm change = 9334.974609375, L2 norm change = 17.03415870666504, Linf norm change = 0.37792181968688965
Rank: [1000 1000 1000], EffRank: [231.46097 346.4641  289.74014], ApproxRank: [203 319 244], DeadNeurons: [143  10  17]
Task 19: Train Accuracy 0.937250018119812, Eval Accuracy = 0.9575000405311584, acc on previous train set = 0.9355000257492065, L1 norm change = 9230.296875, L2 norm change = 17.072328567504883, Linf norm change = 0.4753611385822296
Rank: [1000 1000 1000], EffRank: [218.27632 343.60175 289.37988], ApproxRank: [187 313 245], DeadNeurons: [153   7  18]
Task 20: Train Accuracy 0.9368000030517578, Eval Accuracy = 0.9625000357627869, acc on previous train set = 0.9520000219345093, L1 norm change = 8766.13671875, L2 norm change = 16.970409393310547, Linf norm change = 0.43398863077163696
Rank: [1000  999 1000], EffRank: [208.58723 329.82968 273.25278], ApproxRank: [180 298 224], DeadNeurons: [155  14  20]
Task 21: Train Accuracy 0.9373666644096375, Eval Accuracy = 0.9725000262260437, acc on previous train set = 0.9470000267028809, L1 norm change = 8996.0498046875, L2 norm change = 17.061386108398438, Linf norm change = 0.42036598920822144
Rank: [1000 1000 1000], EffRank: [219.40968 343.35068 269.80698], ApproxRank: [190 310 224], DeadNeurons: [159   5  28]
Task 22: Train Accuracy 0.9377999901771545, Eval Accuracy = 0.9635000228881836, acc on previous train set = 0.9565000534057617, L1 norm change = 8855.3525390625, L2 norm change = 17.04348373413086, Linf norm change = 0.3588531017303467
Rank: [1000 1000 1000], EffRank: [211.16064 328.4902  280.61856], ApproxRank: [183 300 239], DeadNeurons: [139  19  36]
Task 23: Train Accuracy 0.9370499849319458, Eval Accuracy = 0.9590000510215759, acc on previous train set = 0.9545000195503235, L1 norm change = 8688.5146484375, L2 norm change = 16.909696578979492, Linf norm change = 0.5094469785690308
Rank: [1000  999 1000], EffRank: [218.41592 335.00583 274.94904], ApproxRank: [187 304 227], DeadNeurons: [151  13  28]
Task 24: Train Accuracy 0.9364666938781738, Eval Accuracy = 0.9605000615119934, acc on previous train set = 0.9500000476837158, L1 norm change = 8675.47265625, L2 norm change = 17.063894271850586, Linf norm change = 0.385299950838089
Rank: [1000 1000 1000], EffRank: [206.216   321.167   269.45496], ApproxRank: [177 288 226], DeadNeurons: [169  15  49]
Task 25: Train Accuracy 0.9333833456039429, Eval Accuracy = 0.9705000519752502, acc on previous train set = 0.924500048160553, L1 norm change = 8798.9453125, L2 norm change = 17.374736785888672, Linf norm change = 0.43294626474380493
Rank: [1000 1000 1000], EffRank: [210.5365  333.59238 263.32428], ApproxRank: [182 304 220], DeadNeurons: [161  18  37]
Task 26: Train Accuracy 0.935949981212616, Eval Accuracy = 0.9620000720024109, acc on previous train set = 0.9530000686645508, L1 norm change = 8823.4931640625, L2 norm change = 17.214792251586914, Linf norm change = 0.4207364320755005
Rank: [1000 1000 1000], EffRank: [210.28526 341.37354 269.00204], ApproxRank: [183 313 222], DeadNeurons: [190  10  35]
Task 27: Train Accuracy 0.9371500015258789, Eval Accuracy = 0.9675000309944153, acc on previous train set = 0.9425000548362732, L1 norm change = 8793.96875, L2 norm change = 17.244359970092773, Linf norm change = 0.5257276296615601
Rank: [1000 1000 1000], EffRank: [207.16353 337.7103  274.4149 ], ApproxRank: [180 311 233], DeadNeurons: [168  13  35]
Task 28: Train Accuracy 0.937749981880188, Eval Accuracy = 0.968000054359436, acc on previous train set = 0.9535000324249268, L1 norm change = 8624.9521484375, L2 norm change = 17.090160369873047, Linf norm change = 0.45226922631263733
Rank: [1000 1000 1000], EffRank: [206.46907 325.0557  257.30533], ApproxRank: [176 287 211], DeadNeurons: [176   8  57]
slurmstepd: error: *** JOB 11827681 ON gpu2002 CANCELLED AT 2025-06-24T14:15:08 ***
