## SLURM PROLOG ###############################################################
##    Job ID : 11826674
##  Job Name : slurm.sh
##  Nodelist : gpu2006
##      CPUs : 1
##  Mem/Node : 65536 MB
## Directory : /oscar/home/nhe6/Documents/rl-opt
##   Job Started : Tue Jun 24 01:46:34 PM EDT 2025
###############################################################################
pyenv-virtualenv: virtualenv `/users/nhe6/.pyenv/versions/3.11.0/envs/jaxopt' is already activated
[0.01] [0.01] [[3787151155 2031385778]]
wandb: Using wandb-core as the SDK backend.  Please refer to https://wandb.me/wandb-core for more information.
wandb: Currently logged in as: arniehe2004 (rl-power). Use `wandb login --relogin` to force relogin
wandb: Tracking run with wandb version 0.19.1
wandb: Run data is saved locally in /oscar/home/nhe6/Documents/rl-opt/wandb/run-20250624_134707-hwmj4dcc
wandb: Run `wandb offline` to turn off syncing.
wandb: Syncing run cbp_relu_[0.01]_[0.01]_100_1_1000_3_800_1_100_1
wandb: ⭐️ View project at https://wandb.ai/rl-power/permuted_mnist
wandb: 🚀 View run at https://wandb.ai/rl-power/permuted_mnist/runs/hwmj4dcc
Task 0: Train Accuracy 0.9434833526611328, Eval Accuracy = 0.9735000729560852, acc on previous train set = 0.07100000232458115, L1 norm change = 17486.908203125, L2 norm change = 17.78755760192871, Linf norm change = 0.48973870277404785
Rank: [1000 1000 1000], EffRank: [482.05612 448.3316  378.1321 ], ApproxRank: [506 470 364], DeadNeurons: [1 0 0]
Task 1: Train Accuracy 0.9445666670799255, Eval Accuracy = 0.9650000333786011, acc on previous train set = 0.9350000619888306, L1 norm change = 15478.3515625, L2 norm change = 17.400991439819336, Linf norm change = 0.35003554821014404
Rank: [1000 1000 1000], EffRank: [450.60706 425.61917 361.61536], ApproxRank: [467 436 337], DeadNeurons: [5 0 0]
Task 2: Train Accuracy 0.9443666934967041, Eval Accuracy = 0.9700000286102295, acc on previous train set = 0.9475000500679016, L1 norm change = 13874.83203125, L2 norm change = 17.182518005371094, Linf norm change = 0.24383264780044556
Rank: [1000 1000 1000], EffRank: [389.5962  395.68274 345.5079 ], ApproxRank: [389 389 311], DeadNeurons: [14  0  1]
Task 3: Train Accuracy 0.9448500275611877, Eval Accuracy = 0.9700000286102295, acc on previous train set = 0.9655000567436218, L1 norm change = 13086.87890625, L2 norm change = 17.079145431518555, Linf norm change = 0.29809674620628357
Rank: [1000 1000 1000], EffRank: [357.29236 395.8673  337.093  ], ApproxRank: [350 391 300], DeadNeurons: [25  1  0]
Task 4: Train Accuracy 0.9448666572570801, Eval Accuracy = 0.9765000343322754, acc on previous train set = 0.9645000696182251, L1 norm change = 12532.994140625, L2 norm change = 16.991436004638672, Linf norm change = 0.27079492807388306
Rank: [1000 1000 1000], EffRank: [349.99463 390.31802 340.76205], ApproxRank: [339 380 304], DeadNeurons: [21  1  0]
Task 5: Train Accuracy 0.9429333209991455, Eval Accuracy = 0.968000054359436, acc on previous train set = 0.9595000743865967, L1 norm change = 11965.1279296875, L2 norm change = 17.119583129882812, Linf norm change = 0.298416405916214
Rank: [1000 1000 1000], EffRank: [318.1584  371.61066 318.57483], ApproxRank: [299 353 273], DeadNeurons: [43  0  1]
Task 6: Train Accuracy 0.9434333443641663, Eval Accuracy = 0.9645000696182251, acc on previous train set = 0.9620000720024109, L1 norm change = 11151.98046875, L2 norm change = 17.01655387878418, Linf norm change = 0.42391258478164673
Rank: [1000 1000 1000], EffRank: [284.52542 381.75278 319.57516], ApproxRank: [256 368 277], DeadNeurons: [45  2  2]
Task 7: Train Accuracy 0.9428499937057495, Eval Accuracy = 0.9745000600814819, acc on previous train set = 0.9670000672340393, L1 norm change = 10953.599609375, L2 norm change = 16.882261276245117, Linf norm change = 0.3957901895046234
Rank: [1000 1000 1000], EffRank: [287.8689  371.40445 314.1125 ], ApproxRank: [269 351 272], DeadNeurons: [71  1  8]
Task 8: Train Accuracy 0.9435333609580994, Eval Accuracy = 0.971500039100647, acc on previous train set = 0.9635000228881836, L1 norm change = 10821.017578125, L2 norm change = 16.971874237060547, Linf norm change = 0.39495334029197693
Rank: [1000 1000 1000], EffRank: [279.44696 351.2445  306.89282], ApproxRank: [256 326 258], DeadNeurons: [69  7  7]
Task 9: Train Accuracy 0.9409833550453186, Eval Accuracy = 0.9705000519752502, acc on previous train set = 0.9700000286102295, L1 norm change = 10402.759765625, L2 norm change = 17.112869262695312, Linf norm change = 0.39708495140075684
Rank: [1000 1000 1000], EffRank: [248.61319 357.8888  299.2355 ], ApproxRank: [221 332 250], DeadNeurons: [89  3  6]
Task 10: Train Accuracy 0.9411666989326477, Eval Accuracy = 0.9665000438690186, acc on previous train set = 0.968500018119812, L1 norm change = 10110.48828125, L2 norm change = 16.855396270751953, Linf norm change = 0.36411920189857483
Rank: [1000 1000 1000], EffRank: [244.21985 365.98285 299.6113 ], ApproxRank: [219 344 251], DeadNeurons: [105   6   3]
Task 11: Train Accuracy 0.9410666823387146, Eval Accuracy = 0.9665000438690186, acc on previous train set = 0.9700000286102295, L1 norm change = 10121.951171875, L2 norm change = 17.094501495361328, Linf norm change = 0.46556657552719116
Rank: [1000 1000 1000], EffRank: [238.70712 366.88498 297.01193], ApproxRank: [211 342 248], DeadNeurons: [121   1   6]
Task 12: Train Accuracy 0.9413000345230103, Eval Accuracy = 0.9690000414848328, acc on previous train set = 0.9610000252723694, L1 norm change = 9848.8662109375, L2 norm change = 16.935148239135742, Linf norm change = 0.459396630525589
Rank: [ 999 1000 1000], EffRank: [251.27367 361.79318 301.60922], ApproxRank: [229 338 252], DeadNeurons: [97  2  3]
Task 13: Train Accuracy 0.9411333203315735, Eval Accuracy = 0.9720000624656677, acc on previous train set = 0.9645000696182251, L1 norm change = 9629.2431640625, L2 norm change = 16.795513153076172, Linf norm change = 0.4153470993041992
Rank: [ 999 1000 1000], EffRank: [239.19695 353.36322 306.72223], ApproxRank: [213 329 262], DeadNeurons: [130   2   6]
Task 14: Train Accuracy 0.938800036907196, Eval Accuracy = 0.9700000286102295, acc on previous train set = 0.9535000324249268, L1 norm change = 9307.876953125, L2 norm change = 16.99495506286621, Linf norm change = 0.4902302920818329
Rank: [1000 1000 1000], EffRank: [222.39555 349.73337 291.08478], ApproxRank: [195 320 239], DeadNeurons: [156   1  13]
Task 15: Train Accuracy 0.9397333264350891, Eval Accuracy = 0.9650000333786011, acc on previous train set = 0.9480000734329224, L1 norm change = 9594.0244140625, L2 norm change = 16.93814468383789, Linf norm change = 0.3747675120830536
Rank: [1000 1000 1000], EffRank: [231.29063 349.9272  292.85776], ApproxRank: [207 322 246], DeadNeurons: [113   5  11]
Task 16: Train Accuracy 0.9395999908447266, Eval Accuracy = 0.9745000600814819, acc on previous train set = 0.9655000567436218, L1 norm change = 9429.2626953125, L2 norm change = 17.006227493286133, Linf norm change = 0.46913787722587585
Rank: [1000 1000 1000], EffRank: [228.27718 342.38687 288.49826], ApproxRank: [202 312 238], DeadNeurons: [153   5  12]
Task 17: Train Accuracy 0.9371166825294495, Eval Accuracy = 0.9630000591278076, acc on previous train set = 0.9550000429153442, L1 norm change = 8984.3388671875, L2 norm change = 17.035785675048828, Linf norm change = 0.40095120668411255
Rank: [ 998 1000 1000], EffRank: [207.03505 333.06293 265.57803], ApproxRank: [180 296 211], DeadNeurons: [156   7  22]
Task 18: Train Accuracy 0.938883364200592, Eval Accuracy = 0.9585000276565552, acc on previous train set = 0.9530000686645508, L1 norm change = 9057.8212890625, L2 norm change = 17.036176681518555, Linf norm change = 0.5173541307449341
Rank: [1000 1000 1000], EffRank: [207.71895 332.04364 275.9433 ], ApproxRank: [178 300 226], DeadNeurons: [164   9  22]
Task 19: Train Accuracy 0.9367666840553284, Eval Accuracy = 0.9610000252723694, acc on previous train set = 0.9470000267028809, L1 norm change = 8828.73828125, L2 norm change = 16.944000244140625, Linf norm change = 0.3919416069984436
Rank: [1000 1000 1000], EffRank: [200.75943 353.4957  292.25052], ApproxRank: [168 324 250], DeadNeurons: [144   5  21]
Task 20: Train Accuracy 0.9372000098228455, Eval Accuracy = 0.9635000228881836, acc on previous train set = 0.9420000314712524, L1 norm change = 8872.119140625, L2 norm change = 16.99428367614746, Linf norm change = 0.47189247608184814
Rank: [1000 1000 1000], EffRank: [211.50104 331.70627 271.0157 ], ApproxRank: [183 298 224], DeadNeurons: [188   7  31]
Task 21: Train Accuracy 0.9359833598136902, Eval Accuracy = 0.9675000309944153, acc on previous train set = 0.9495000243186951, L1 norm change = 8908.0908203125, L2 norm change = 16.99248695373535, Linf norm change = 0.4328586757183075
Rank: [ 999 1000 1000], EffRank: [200.7622  343.95764 280.13538], ApproxRank: [170 315 237], DeadNeurons: [177   4  32]
Task 22: Train Accuracy 0.9378166794776917, Eval Accuracy = 0.9745000600814819, acc on previous train set = 0.9350000619888306, L1 norm change = 8884.9765625, L2 norm change = 17.10618019104004, Linf norm change = 0.4422638416290283
Rank: [1000 1000 1000], EffRank: [207.51164 343.37195 288.0878 ], ApproxRank: [182 318 244], DeadNeurons: [160  17  30]
Task 23: Train Accuracy 0.9365167021751404, Eval Accuracy = 0.9590000510215759, acc on previous train set = 0.9500000476837158, L1 norm change = 8979.1240234375, L2 norm change = 17.034311294555664, Linf norm change = 0.41620784997940063
Rank: [1000 1000 1000], EffRank: [208.11125 352.84967 285.07922], ApproxRank: [181 325 240], DeadNeurons: [157   4  18]
Task 24: Train Accuracy 0.9362500309944153, Eval Accuracy = 0.9595000743865967, acc on previous train set = 0.9570000171661377, L1 norm change = 8607.7578125, L2 norm change = 16.91766929626465, Linf norm change = 0.44057416915893555
Rank: [1000 1000 1000], EffRank: [203.31381 329.8457  281.42416], ApproxRank: [171 298 237], DeadNeurons: [166   7  23]
Task 25: Train Accuracy 0.9350333213806152, Eval Accuracy = 0.968500018119812, acc on previous train set = 0.9475000500679016, L1 norm change = 8625.912109375, L2 norm change = 17.307323455810547, Linf norm change = 0.4486575424671173
Rank: [1000 1000 1000], EffRank: [197.62762 335.68463 251.39062], ApproxRank: [165 303 202], DeadNeurons: [154   7  36]
Task 26: Train Accuracy 0.933566689491272, Eval Accuracy = 0.9635000228881836, acc on previous train set = 0.9415000677108765, L1 norm change = 8654.466796875, L2 norm change = 17.4293212890625, Linf norm change = 0.45565786957740784
Rank: [1000 1000 1000], EffRank: [199.5936  325.6429  264.65796], ApproxRank: [169 295 217], DeadNeurons: [183  22  27]
Task 27: Train Accuracy 0.9369500279426575, Eval Accuracy = 0.9610000252723694, acc on previous train set = 0.9280000329017639, L1 norm change = 8738.93359375, L2 norm change = 17.264190673828125, Linf norm change = 0.43379849195480347
Rank: [1000 1000 1000], EffRank: [190.18283 338.6485  283.93762], ApproxRank: [158 310 242], DeadNeurons: [186  12  29]
Task 28: Train Accuracy 0.9367333650588989, Eval Accuracy = 0.968500018119812, acc on previous train set = 0.9540000557899475, L1 norm change = 8462.0107421875, L2 norm change = 17.03911781311035, Linf norm change = 0.48170626163482666
Rank: [1000 1000 1000], EffRank: [194.10684 335.58618 257.47458], ApproxRank: [165 302 209], DeadNeurons: [182  13  31]
Task 29: Train Accuracy 0.9352499842643738, Eval Accuracy = 0.9670000672340393, acc on previous train set = 0.9630000591278076, L1 norm change = 8712.6650390625, L2 norm change = 17.35869598388672, Linf norm change = 0.4888468086719513
Rank: [1000 1000 1000], EffRank: [208.2117  354.51492 270.3578 ], ApproxRank: [179 327 228], DeadNeurons: [169   5  26]
Task 30: Train Accuracy 0.9323999881744385, Eval Accuracy = 0.9690000414848328, acc on previous train set = 0.9435000419616699, L1 norm change = 8471.41796875, L2 norm change = 17.33116912841797, Linf norm change = 0.39430952072143555
Rank: [ 999 1000 1000], EffRank: [207.74579 343.96896 248.78264], ApproxRank: [177 314 199], DeadNeurons: [182  10  36]
Task 31: Train Accuracy 0.9332500100135803, Eval Accuracy = 0.9540000557899475, acc on previous train set = 0.9565000534057617, L1 norm change = 8275.6650390625, L2 norm change = 17.264978408813477, Linf norm change = 0.45770370960235596
Rank: [ 998 1000 1000], EffRank: [200.58997 320.1464  224.68268], ApproxRank: [170 288 175], DeadNeurons: [181  19  68]
Task 32: Train Accuracy 0.9332333207130432, Eval Accuracy = 0.9630000591278076, acc on previous train set = 0.9350000619888306, L1 norm change = 8130.14599609375, L2 norm change = 17.387065887451172, Linf norm change = 0.5245687961578369
Rank: [ 999 1000  999], EffRank: [184.3621  319.00592 242.49072], ApproxRank: [153 285 196], DeadNeurons: [190  14  57]
Task 33: Train Accuracy 0.9337166547775269, Eval Accuracy = 0.9640000462532043, acc on previous train set = 0.9115000367164612, L1 norm change = 7954.1025390625, L2 norm change = 17.152286529541016, Linf norm change = 0.47556203603744507
Rank: [1000 1000 1000], EffRank: [188.13374 333.98123 225.12473], ApproxRank: [157 304 177], DeadNeurons: [188  12  70]
Task 34: Train Accuracy 0.9315166473388672, Eval Accuracy = 0.9650000333786011, acc on previous train set = 0.9475000500679016, L1 norm change = 7921.34765625, L2 norm change = 17.241666793823242, Linf norm change = 0.4380665421485901
Rank: [1000 1000 1000], EffRank: [205.58372 333.68863 226.79036], ApproxRank: [172 303 180], DeadNeurons: [185  12  79]
Task 35: Train Accuracy 0.9315000176429749, Eval Accuracy = 0.9530000686645508, acc on previous train set = 0.9195000529289246, L1 norm change = 8238.603515625, L2 norm change = 17.380535125732422, Linf norm change = 0.39254504442214966
Rank: [1000 1000 1000], EffRank: [188.2952  327.42932 226.70547], ApproxRank: [158 300 180], DeadNeurons: [192  24  77]
Task 36: Train Accuracy 0.9352999925613403, Eval Accuracy = 0.9635000228881836, acc on previous train set = 0.9265000224113464, L1 norm change = 8234.2578125, L2 norm change = 17.369524002075195, Linf norm change = 0.4894411563873291
Rank: [ 998 1000  999], EffRank: [191.82852 358.40457 249.06087], ApproxRank: [161 336 204], DeadNeurons: [204  10  42]
Task 37: Train Accuracy 0.933566689491272, Eval Accuracy = 0.9675000309944153, acc on previous train set = 0.9430000185966492, L1 norm change = 8276.8515625, L2 norm change = 17.2423038482666, Linf norm change = 0.5464639663696289
Rank: [ 997 1000 1000], EffRank: [194.5188  343.61224 270.05167], ApproxRank: [165 318 231], DeadNeurons: [213  20  43]
Task 38: Train Accuracy 0.9341166615486145, Eval Accuracy = 0.9655000567436218, acc on previous train set = 0.9310000538825989, L1 norm change = 8156.861328125, L2 norm change = 17.26555633544922, Linf norm change = 0.43813884258270264
Rank: [1000 1000 1000], EffRank: [192.68771 351.42645 250.76042], ApproxRank: [162 328 203], DeadNeurons: [203  19  29]
Task 39: Train Accuracy 0.931683361530304, Eval Accuracy = 0.9540000557899475, acc on previous train set = 0.9490000605583191, L1 norm change = 8212.271484375, L2 norm change = 17.42569923400879, Linf norm change = 0.47156935930252075
Rank: [1000 1000 1000], EffRank: [187.24217 317.90457 260.17603], ApproxRank: [153 290 216], DeadNeurons: [197  37  46]
Task 40: Train Accuracy 0.9330999851226807, Eval Accuracy = 0.9650000333786011, acc on previous train set = 0.9425000548362732, L1 norm change = 8211.650390625, L2 norm change = 17.261293411254883, Linf norm change = 0.5940755605697632
Rank: [ 998 1000 1000], EffRank: [194.93701 334.88797 251.74907], ApproxRank: [167 303 211], DeadNeurons: [204  12  52]
Task 41: Train Accuracy 0.9329000115394592, Eval Accuracy = 0.9625000357627869, acc on previous train set = 0.9395000338554382, L1 norm change = 8056.9052734375, L2 norm change = 17.203340530395508, Linf norm change = 0.6507217884063721
Rank: [1000 1000 1000], EffRank: [188.48465 362.35635 249.78458], ApproxRank: [157 339 207], DeadNeurons: [220  14  55]
Task 42: Train Accuracy 0.934066653251648, Eval Accuracy = 0.9670000672340393, acc on previous train set = 0.9465000629425049, L1 norm change = 8353.6171875, L2 norm change = 17.689924240112305, Linf norm change = 0.47997987270355225
Rank: [ 999 1000 1000], EffRank: [201.95357 323.71466 235.74336], ApproxRank: [171 289 196], DeadNeurons: [184  18  84]
Task 43: Train Accuracy 0.9314166903495789, Eval Accuracy = 0.9520000219345093, acc on previous train set = 0.9275000691413879, L1 norm change = 8531.001953125, L2 norm change = 17.751230239868164, Linf norm change = 0.4186863899230957
Rank: [1000 1000 1000], EffRank: [203.02493 334.19913 251.429  ], ApproxRank: [176 309 205], DeadNeurons: [214  31  48]
Task 44: Train Accuracy 0.9330000281333923, Eval Accuracy = 0.955500066280365, acc on previous train set = 0.9485000371932983, L1 norm change = 8166.11865234375, L2 norm change = 17.56100845336914, Linf norm change = 0.4341270327568054
Rank: [ 999 1000 1000], EffRank: [188.74475 335.24954 238.03821], ApproxRank: [156 305 199], DeadNeurons: [219  19  70]
Task 45: Train Accuracy 0.9345999956130981, Eval Accuracy = 0.971500039100647, acc on previous train set = 0.9435000419616699, L1 norm change = 8398.779296875, L2 norm change = 17.654380798339844, Linf norm change = 0.4135696589946747
Rank: [1000 1000 1000], EffRank: [204.01645 334.35153 256.90344], ApproxRank: [168 308 216], DeadNeurons: [181  22  61]
Task 46: Train Accuracy 0.9335166811943054, Eval Accuracy = 0.9665000438690186, acc on previous train set = 0.9505000710487366, L1 norm change = 8203.0400390625, L2 norm change = 17.444866180419922, Linf norm change = 0.5787822604179382
Rank: [1000 1000 1000], EffRank: [197.74207 317.16354 255.88065], ApproxRank: [161 292 217], DeadNeurons: [174  50  59]
Task 47: Train Accuracy 0.9317166805267334, Eval Accuracy = 0.9570000171661377, acc on previous train set = 0.9435000419616699, L1 norm change = 8466.544921875, L2 norm change = 17.948915481567383, Linf norm change = 0.4272501468658447
Rank: [1000 1000 1000], EffRank: [211.22227 318.95908 252.3305 ], ApproxRank: [179 287 213], DeadNeurons: [186  31  63]
Task 48: Train Accuracy 0.9302666783332825, Eval Accuracy = 0.9670000672340393, acc on previous train set = 0.8995000720024109, L1 norm change = 8746.8828125, L2 norm change = 17.987932205200195, Linf norm change = 0.41759830713272095
Rank: [1000 1000 1000], EffRank: [209.58173 354.66437 250.6894 ], ApproxRank: [178 332 212], DeadNeurons: [175  15  59]
slurmstepd: error: *** JOB 11826674 ON gpu2006 CANCELLED AT 2025-06-24T13:52:02 ***
