## SLURM PROLOG ###############################################################
##    Job ID : 11827153
##  Job Name : slurm.sh
##  Nodelist : gpu2006
##      CPUs : 1
##  Mem/Node : 65536 MB
## Directory : /oscar/home/nhe6/Documents/rl-opt
##   Job Started : Tue Jun 24 02:03:21 PM EDT 2025
###############################################################################
pyenv-virtualenv: virtualenv `/users/nhe6/.pyenv/versions/3.11.0/envs/jaxopt' is already activated
[0.01] [0.01] [[3787151155 2031385778]]
Traceback (most recent call last):
  File "/oscar/home/nhe6/Documents/rl-opt/permuted_mnist/train_permuted_mnist.py", line 474, in <module>
    out = train_jit(*swept_args)
          ^^^^^^^^^^^^^^^^^^^^^^
  File "/oscar/home/nhe6/Documents/rl-opt/permuted_mnist/train_permuted_mnist.py", line 196, in train
    if args.cont_backprop:
       ^^^^^^^^^^^^^^^^^^
AttributeError: 'PermutedMnistHyperparams' object has no attribute 'cont_backprop'
--------------------
For simplicity, JAX has removed its internal frames from the traceback of the following exception. Set JAX_TRACEBACK_FILTERING=off to include these.
